{"E:\\code\\⁮xiao100\\stylint-demo\\plugins\\declaration-property-value-to-variable.js": {"path":"E:\\code\\⁮xiao100\\stylint-demo\\plugins\\declaration-property-value-to-variable.js","all":false,"statementMap":{"0":{"start":{"line":1,"column":0},"end":{"line":1,"column":18}},"1":{"start":{"line":2,"column":0},"end":{"line":2,"column":0}},"2":{"start":{"line":3,"column":0},"end":{"line":3,"column":39}},"3":{"start":{"line":4,"column":0},"end":{"line":4,"column":0}},"4":{"start":{"line":5,"column":0},"end":{"line":5,"column":66}},"5":{"start":{"line":6,"column":0},"end":{"line":6,"column":74}},"6":{"start":{"line":7,"column":0},"end":{"line":7,"column":41}},"7":{"start":{"line":8,"column":0},"end":{"line":8,"column":75}},"8":{"start":{"line":9,"column":0},"end":{"line":9,"column":3}},"9":{"start":{"line":10,"column":0},"end":{"line":10,"column":0}},"10":{"start":{"line":11,"column":0},"end":{"line":11,"column":0}},"11":{"start":{"line":12,"column":0},"end":{"line":12,"column":51}},"12":{"start":{"line":13,"column":0},"end":{"line":13,"column":47}},"13":{"start":{"line":14,"column":0},"end":{"line":14,"column":102}},"14":{"start":{"line":15,"column":0},"end":{"line":15,"column":6}},"15":{"start":{"line":16,"column":0},"end":{"line":16,"column":25}},"16":{"start":{"line":17,"column":0},"end":{"line":17,"column":44}},"17":{"start":{"line":18,"column":0},"end":{"line":18,"column":57}},"18":{"start":{"line":19,"column":0},"end":{"line":19,"column":5}},"19":{"start":{"line":20,"column":0},"end":{"line":20,"column":1}},"20":{"start":{"line":21,"column":0},"end":{"line":21,"column":0}},"21":{"start":{"line":22,"column":0},"end":{"line":22,"column":117}},"22":{"start":{"line":23,"column":0},"end":{"line":23,"column":54}},"23":{"start":{"line":24,"column":0},"end":{"line":24,"column":45}},"24":{"start":{"line":25,"column":0},"end":{"line":25,"column":26}},"25":{"start":{"line":26,"column":0},"end":{"line":26,"column":21}},"26":{"start":{"line":27,"column":0},"end":{"line":27,"column":13}},"27":{"start":{"line":28,"column":0},"end":{"line":28,"column":47}},"28":{"start":{"line":29,"column":0},"end":{"line":29,"column":39}},"29":{"start":{"line":30,"column":0},"end":{"line":30,"column":53}},"30":{"start":{"line":31,"column":0},"end":{"line":31,"column":36}},"31":{"start":{"line":32,"column":0},"end":{"line":32,"column":21}},"32":{"start":{"line":33,"column":0},"end":{"line":33,"column":52}},"33":{"start":{"line":34,"column":0},"end":{"line":34,"column":59}},"34":{"start":{"line":35,"column":0},"end":{"line":35,"column":60}},"35":{"start":{"line":36,"column":0},"end":{"line":36,"column":23}},"36":{"start":{"line":37,"column":0},"end":{"line":37,"column":28}},"37":{"start":{"line":38,"column":0},"end":{"line":38,"column":14}},"38":{"start":{"line":39,"column":0},"end":{"line":39,"column":13}},"39":{"start":{"line":40,"column":0},"end":{"line":40,"column":56}},"40":{"start":{"line":41,"column":0},"end":{"line":41,"column":39}},"41":{"start":{"line":42,"column":0},"end":{"line":42,"column":53}},"42":{"start":{"line":43,"column":0},"end":{"line":43,"column":36}},"43":{"start":{"line":44,"column":0},"end":{"line":44,"column":21}},"44":{"start":{"line":45,"column":0},"end":{"line":45,"column":41}},"45":{"start":{"line":46,"column":0},"end":{"line":46,"column":19}},"46":{"start":{"line":47,"column":0},"end":{"line":47,"column":13}},"47":{"start":{"line":48,"column":0},"end":{"line":48,"column":10}},"48":{"start":{"line":49,"column":0},"end":{"line":49,"column":0}},"49":{"start":{"line":50,"column":0},"end":{"line":50,"column":69}},"50":{"start":{"line":51,"column":0},"end":{"line":51,"column":19}},"51":{"start":{"line":52,"column":0},"end":{"line":52,"column":9}},"52":{"start":{"line":53,"column":0},"end":{"line":53,"column":18}},"53":{"start":{"line":54,"column":0},"end":{"line":54,"column":87}},"54":{"start":{"line":55,"column":0},"end":{"line":55,"column":34}},"55":{"start":{"line":56,"column":0},"end":{"line":56,"column":47}},"56":{"start":{"line":57,"column":0},"end":{"line":57,"column":0}},"57":{"start":{"line":58,"column":0},"end":{"line":58,"column":24}},"58":{"start":{"line":59,"column":0},"end":{"line":59,"column":49}},"59":{"start":{"line":60,"column":0},"end":{"line":60,"column":18}},"60":{"start":{"line":61,"column":0},"end":{"line":61,"column":9}},"61":{"start":{"line":62,"column":0},"end":{"line":62,"column":0}},"62":{"start":{"line":63,"column":0},"end":{"line":63,"column":0}},"63":{"start":{"line":64,"column":0},"end":{"line":64,"column":66}},"64":{"start":{"line":65,"column":0},"end":{"line":65,"column":116}},"65":{"start":{"line":66,"column":0},"end":{"line":66,"column":28}},"66":{"start":{"line":67,"column":0},"end":{"line":67,"column":65}},"67":{"start":{"line":68,"column":0},"end":{"line":68,"column":13}},"68":{"start":{"line":69,"column":0},"end":{"line":69,"column":66}},"69":{"start":{"line":70,"column":0},"end":{"line":70,"column":54}},"70":{"start":{"line":71,"column":0},"end":{"line":71,"column":75}},"71":{"start":{"line":72,"column":0},"end":{"line":72,"column":37}},"72":{"start":{"line":73,"column":0},"end":{"line":73,"column":77}},"73":{"start":{"line":74,"column":0},"end":{"line":74,"column":38}},"74":{"start":{"line":75,"column":0},"end":{"line":75,"column":51}},"75":{"start":{"line":76,"column":0},"end":{"line":76,"column":24}},"76":{"start":{"line":77,"column":0},"end":{"line":77,"column":42}},"77":{"start":{"line":78,"column":0},"end":{"line":78,"column":17}},"78":{"start":{"line":79,"column":0},"end":{"line":79,"column":51}},"79":{"start":{"line":80,"column":0},"end":{"line":80,"column":24}},"80":{"start":{"line":81,"column":0},"end":{"line":81,"column":29}},"81":{"start":{"line":82,"column":0},"end":{"line":82,"column":42}},"82":{"start":{"line":83,"column":0},"end":{"line":83,"column":138}},"83":{"start":{"line":84,"column":0},"end":{"line":84,"column":60}},"84":{"start":{"line":85,"column":0},"end":{"line":85,"column":105}},"85":{"start":{"line":86,"column":0},"end":{"line":86,"column":19}},"86":{"start":{"line":87,"column":0},"end":{"line":87,"column":13}},"87":{"start":{"line":88,"column":0},"end":{"line":88,"column":11}},"88":{"start":{"line":89,"column":0},"end":{"line":89,"column":0}},"89":{"start":{"line":90,"column":0},"end":{"line":90,"column":23}},"90":{"start":{"line":91,"column":0},"end":{"line":91,"column":100}},"91":{"start":{"line":92,"column":0},"end":{"line":92,"column":111}},"92":{"start":{"line":93,"column":0},"end":{"line":93,"column":9}},"93":{"start":{"line":94,"column":0},"end":{"line":94,"column":6}},"94":{"start":{"line":95,"column":0},"end":{"line":95,"column":3}},"95":{"start":{"line":96,"column":0},"end":{"line":96,"column":0}},"96":{"start":{"line":97,"column":0},"end":{"line":97,"column":35}},"97":{"start":{"line":98,"column":0},"end":{"line":98,"column":35}}},"s":{"0":1,"1":1,"2":1,"3":1,"4":1,"5":1,"6":1,"7":1,"8":1,"9":1,"10":1,"11":2,"12":2,"13":2,"14":2,"15":2,"16":2,"17":1,"18":1,"19":2,"20":1,"21":1,"22":5,"23":5,"24":5,"25":5,"26":5,"27":5,"28":5,"29":5,"30":1,"31":1,"32":4,"33":4,"34":4,"35":4,"36":5,"37":5,"38":5,"39":5,"40":5,"41":5,"42":1,"43":1,"44":4,"45":4,"46":5,"47":5,"48":5,"49":5,"50":1,"51":1,"52":4,"53":5,"54":5,"55":5,"56":5,"57":5,"58":5,"59":1,"60":1,"61":3,"62":3,"63":3,"64":9,"65":9,"66":3,"67":3,"68":6,"69":9,"70":4,"71":4,"72":4,"73":4,"74":0,"75":4,"76":4,"77":4,"78":9,"79":2,"80":2,"81":2,"82":2,"83":2,"84":2,"85":2,"86":2,"87":9,"88":3,"89":3,"90":5,"91":2,"92":2,"93":5,"94":5,"95":1,"96":1,"97":1},"branchMap":{"0":{"type":"branch","line":8,"loc":{"start":{"line":8,"column":14},"end":{"line":8,"column":75}},"locations":[{"start":{"line":8,"column":14},"end":{"line":8,"column":75}}]},"1":{"type":"branch","line":12,"loc":{"start":{"line":12,"column":0},"end":{"line":20,"column":1}},"locations":[{"start":{"line":12,"column":0},"end":{"line":20,"column":1}}]},"2":{"type":"branch","line":17,"loc":{"start":{"line":17,"column":8},"end":{"line":17,"column":43}},"locations":[{"start":{"line":17,"column":8},"end":{"line":17,"column":43}}]},"3":{"type":"branch","line":17,"loc":{"start":{"line":17,"column":43},"end":{"line":19,"column":5}},"locations":[{"start":{"line":17,"column":43},"end":{"line":19,"column":5}}]},"4":{"type":"branch","line":14,"loc":{"start":{"line":14,"column":8},"end":{"line":14,"column":84}},"locations":[{"start":{"line":14,"column":8},"end":{"line":14,"column":84}}]},"5":{"type":"branch","line":14,"loc":{"start":{"line":14,"column":36},"end":{"line":14,"column":78}},"locations":[{"start":{"line":14,"column":36},"end":{"line":14,"column":78}}]},"6":{"type":"branch","line":14,"loc":{"start":{"line":14,"column":36},"end":{"line":14,"column":84}},"locations":[{"start":{"line":14,"column":36},"end":{"line":14,"column":84}}]},"7":{"type":"branch","line":22,"loc":{"start":{"line":22,"column":50},"end":{"line":95,"column":3}},"locations":[{"start":{"line":22,"column":50},"end":{"line":95,"column":3}}]},"8":{"type":"branch","line":23,"loc":{"start":{"line":23,"column":11},"end":{"line":94,"column":6}},"locations":[{"start":{"line":23,"column":11},"end":{"line":94,"column":6}}]},"9":{"type":"branch","line":50,"loc":{"start":{"line":50,"column":27},"end":{"line":52,"column":9}},"locations":[{"start":{"line":50,"column":27},"end":{"line":52,"column":9}}]},"10":{"type":"branch","line":53,"loc":{"start":{"line":53,"column":-2},"end":{"line":54,"column":36}},"locations":[{"start":{"line":53,"column":-2},"end":{"line":54,"column":36}}]},"11":{"type":"branch","line":54,"loc":{"start":{"line":54,"column":29},"end":{"line":54,"column":87}},"locations":[{"start":{"line":54,"column":29},"end":{"line":54,"column":87}}]},"12":{"type":"branch","line":59,"loc":{"start":{"line":59,"column":48},"end":{"line":61,"column":9}},"locations":[{"start":{"line":59,"column":48},"end":{"line":61,"column":9}}]},"13":{"type":"branch","line":62,"loc":{"start":{"line":62,"column":-2},"end":{"line":91,"column":30}},"locations":[{"start":{"line":62,"column":-2},"end":{"line":91,"column":30}}]},"14":{"type":"branch","line":91,"loc":{"start":{"line":91,"column":26},"end":{"line":91,"column":62}},"locations":[{"start":{"line":91,"column":26},"end":{"line":91,"column":62}}]},"15":{"type":"branch","line":91,"loc":{"start":{"line":91,"column":12},"end":{"line":91,"column":99}},"locations":[{"start":{"line":91,"column":12},"end":{"line":91,"column":99}}]},"16":{"type":"branch","line":91,"loc":{"start":{"line":91,"column":99},"end":{"line":93,"column":9}},"locations":[{"start":{"line":91,"column":99},"end":{"line":93,"column":9}}]},"17":{"type":"branch","line":29,"loc":{"start":{"line":29,"column":27},"end":{"line":37,"column":19}},"locations":[{"start":{"line":29,"column":27},"end":{"line":37,"column":19}}]},"18":{"type":"branch","line":30,"loc":{"start":{"line":30,"column":52},"end":{"line":32,"column":21}},"locations":[{"start":{"line":30,"column":52},"end":{"line":32,"column":21}}]},"19":{"type":"branch","line":33,"loc":{"start":{"line":33,"column":-2},"end":{"line":36,"column":23}},"locations":[{"start":{"line":33,"column":-2},"end":{"line":36,"column":23}}]},"20":{"type":"branch","line":34,"loc":{"start":{"line":34,"column":53},"end":{"line":36,"column":23}},"locations":[{"start":{"line":34,"column":53},"end":{"line":36,"column":23}}]},"21":{"type":"branch","line":41,"loc":{"start":{"line":41,"column":27},"end":{"line":46,"column":19}},"locations":[{"start":{"line":41,"column":27},"end":{"line":46,"column":19}}]},"22":{"type":"branch","line":42,"loc":{"start":{"line":42,"column":52},"end":{"line":44,"column":21}},"locations":[{"start":{"line":42,"column":52},"end":{"line":44,"column":21}}]},"23":{"type":"branch","line":45,"loc":{"start":{"line":45,"column":-2},"end":{"line":46,"column":19}},"locations":[{"start":{"line":45,"column":-2},"end":{"line":46,"column":19}}]},"24":{"type":"branch","line":64,"loc":{"start":{"line":64,"column":30},"end":{"line":88,"column":11}},"locations":[{"start":{"line":64,"column":30},"end":{"line":88,"column":11}}]},"25":{"type":"branch","line":65,"loc":{"start":{"line":65,"column":29},"end":{"line":65,"column":63}},"locations":[{"start":{"line":65,"column":29},"end":{"line":65,"column":63}}]},"26":{"type":"branch","line":66,"loc":{"start":{"line":66,"column":27},"end":{"line":68,"column":13}},"locations":[{"start":{"line":66,"column":27},"end":{"line":68,"column":13}}]},"27":{"type":"branch","line":69,"loc":{"start":{"line":69,"column":-2},"end":{"line":70,"column":16}},"locations":[{"start":{"line":69,"column":-2},"end":{"line":70,"column":16}}]},"28":{"type":"branch","line":70,"loc":{"start":{"line":70,"column":30},"end":{"line":79,"column":19}},"locations":[{"start":{"line":70,"column":30},"end":{"line":79,"column":19}}]},"29":{"type":"branch","line":74,"loc":{"start":{"line":74,"column":37},"end":{"line":76,"column":23}},"locations":[{"start":{"line":74,"column":37},"end":{"line":76,"column":23}}]},"30":{"type":"branch","line":79,"loc":{"start":{"line":79,"column":13},"end":{"line":87,"column":13}},"locations":[{"start":{"line":79,"column":13},"end":{"line":87,"column":13}}]},"31":{"type":"branch","line":92,"loc":{"start":{"line":92,"column":49},"end":{"line":92,"column":81}},"locations":[{"start":{"line":92,"column":49},"end":{"line":92,"column":81}}]}},"b":{"0":[2],"1":[2],"2":[1],"3":[1],"4":[3],"5":[1],"6":[1],"7":[5],"8":[5],"9":[1],"10":[4],"11":[2],"12":[1],"13":[3],"14":[2],"15":[2],"16":[2],"17":[5],"18":[1],"19":[4],"20":[4],"21":[5],"22":[1],"23":[4],"24":[9],"25":[6],"26":[3],"27":[6],"28":[4],"29":[0],"30":[2],"31":[2]},"fnMap":{"0":{"name":"expected","decl":{"start":{"line":8,"column":14},"end":{"line":8,"column":75}},"loc":{"start":{"line":8,"column":14},"end":{"line":8,"column":75}},"line":8},"1":{"name":"insertNode","decl":{"start":{"line":12,"column":0},"end":{"line":20,"column":1}},"loc":{"start":{"line":12,"column":0},"end":{"line":20,"column":1}},"line":12},"2":{"name":"getPlugin","decl":{"start":{"line":22,"column":50},"end":{"line":95,"column":3}},"loc":{"start":{"line":22,"column":50},"end":{"line":95,"column":3}},"line":22},"3":{"name":"lint","decl":{"start":{"line":23,"column":11},"end":{"line":94,"column":6}},"loc":{"start":{"line":23,"column":11},"end":{"line":94,"column":6}},"line":23},"4":{"name":"possible","decl":{"start":{"line":29,"column":27},"end":{"line":37,"column":19}},"loc":{"start":{"line":29,"column":27},"end":{"line":37,"column":19}},"line":29},"5":{"name":"possible","decl":{"start":{"line":41,"column":27},"end":{"line":46,"column":19}},"loc":{"start":{"line":41,"column":27},"end":{"line":46,"column":19}},"line":41}},"f":{"0":2,"1":2,"2":5,"3":5,"4":5,"5":5}}
}
