TN:
SF:plugins\declaration-property-value-to-variable.js
FN:8,expected
FN:12,insertNode
FN:22,getPlugin
FN:23,lint
FN:29,possible
FN:41,possible
FNF:6
FNH:6
FNDA:2,expected
FNDA:1,insertNode
FNDA:4,getPlugin
FNDA:4,lint
FNDA:4,possible
FNDA:4,possible
DA:1,1
DA:2,1
DA:3,1
DA:4,1
DA:5,1
DA:6,1
DA:7,1
DA:8,1
DA:9,1
DA:10,1
DA:11,1
DA:12,1
DA:13,1
DA:14,1
DA:15,1
DA:16,1
DA:17,1
DA:18,1
DA:19,1
DA:20,1
DA:21,1
DA:22,1
DA:23,4
DA:24,4
DA:25,4
DA:26,4
DA:27,4
DA:28,4
DA:29,4
DA:30,4
DA:31,1
DA:32,1
DA:33,3
DA:34,3
DA:35,3
DA:36,3
DA:37,4
DA:38,4
DA:39,4
DA:40,4
DA:41,4
DA:42,4
DA:43,1
DA:44,1
DA:45,3
DA:46,3
DA:47,4
DA:48,4
DA:49,4
DA:50,4
DA:51,1
DA:52,1
DA:53,3
DA:54,4
DA:55,4
DA:56,4
DA:57,4
DA:58,4
DA:59,4
DA:60,1
DA:61,1
DA:62,2
DA:63,2
DA:64,2
DA:65,6
DA:66,6
DA:67,2
DA:68,2
DA:69,4
DA:70,6
DA:71,2
DA:72,2
DA:73,2
DA:74,2
DA:75,0
DA:76,2
DA:77,2
DA:78,2
DA:79,2
DA:80,2
DA:81,2
DA:82,2
DA:83,2
DA:84,2
DA:85,2
DA:86,2
DA:87,2
DA:88,6
DA:89,2
DA:90,2
DA:91,4
DA:92,1
DA:93,1
DA:94,4
DA:95,4
DA:96,1
DA:97,1
DA:98,1
LF:98
LH:97
BRDA:8,0,0,2
BRDA:12,1,0,1
BRDA:14,2,0,2
BRDA:14,3,0,0
BRDA:14,4,0,0
BRDA:22,5,0,4
BRDA:23,6,0,4
BRDA:50,7,0,1
BRDA:53,8,0,3
BRDA:54,9,0,1
BRDA:59,10,0,1
BRDA:62,11,0,2
BRDA:91,12,0,1
BRDA:91,13,0,1
BRDA:91,14,0,1
BRDA:29,15,0,4
BRDA:30,16,0,1
BRDA:33,17,0,3
BRDA:34,18,0,3
BRDA:41,19,0,4
BRDA:42,20,0,1
BRDA:45,21,0,3
BRDA:64,22,0,6
BRDA:65,23,0,4
BRDA:66,24,0,2
BRDA:69,25,0,4
BRDA:70,26,0,2
BRDA:74,27,0,0
BRDA:92,28,0,1
BRF:29
BRH:26
end_of_record
