TN:
SF:plugins\declaration-property-value-to-variable.js
FN:8,expected
FN:12,insertNode
FN:22,getPlugin
FN:23,lint
FN:29,possible
FN:41,possible
FNF:6
FNH:6
FNDA:2,expected
FNDA:2,insertNode
FNDA:5,getPlugin
FNDA:5,lint
FNDA:5,possible
FNDA:5,possible
DA:1,1
DA:2,1
DA:3,1
DA:4,1
DA:5,1
DA:6,1
DA:7,1
DA:8,1
DA:9,1
DA:10,1
DA:11,1
DA:12,2
DA:13,2
DA:14,2
DA:15,2
DA:16,2
DA:17,2
DA:18,1
DA:19,1
DA:20,2
DA:21,1
DA:22,1
DA:23,5
DA:24,5
DA:25,5
DA:26,5
DA:27,5
DA:28,5
DA:29,5
DA:30,5
DA:31,1
DA:32,1
DA:33,4
DA:34,4
DA:35,4
DA:36,4
DA:37,5
DA:38,5
DA:39,5
DA:40,5
DA:41,5
DA:42,5
DA:43,1
DA:44,1
DA:45,4
DA:46,4
DA:47,5
DA:48,5
DA:49,5
DA:50,5
DA:51,1
DA:52,1
DA:53,4
DA:54,5
DA:55,5
DA:56,5
DA:57,5
DA:58,5
DA:59,5
DA:60,1
DA:61,1
DA:62,3
DA:63,3
DA:64,3
DA:65,9
DA:66,9
DA:67,3
DA:68,3
DA:69,6
DA:70,9
DA:71,4
DA:72,4
DA:73,4
DA:74,4
DA:75,0
DA:76,4
DA:77,4
DA:78,4
DA:79,9
DA:80,2
DA:81,2
DA:82,2
DA:83,2
DA:84,2
DA:85,2
DA:86,2
DA:87,2
DA:88,9
DA:89,3
DA:90,3
DA:91,5
DA:92,2
DA:93,2
DA:94,5
DA:95,5
DA:96,1
DA:97,1
DA:98,1
LF:98
LH:97
BRDA:8,0,0,2
BRDA:12,1,0,2
BRDA:17,2,0,1
BRDA:17,3,0,1
BRDA:14,4,0,3
BRDA:14,5,0,1
BRDA:14,6,0,1
BRDA:22,7,0,5
BRDA:23,8,0,5
BRDA:50,9,0,1
BRDA:53,10,0,4
BRDA:54,11,0,2
BRDA:59,12,0,1
BRDA:62,13,0,3
BRDA:91,14,0,2
BRDA:91,15,0,2
BRDA:91,16,0,2
BRDA:29,17,0,5
BRDA:30,18,0,1
BRDA:33,19,0,4
BRDA:34,20,0,4
BRDA:41,21,0,5
BRDA:42,22,0,1
BRDA:45,23,0,4
BRDA:64,24,0,9
BRDA:65,25,0,6
BRDA:66,26,0,3
BRDA:69,27,0,6
BRDA:70,28,0,4
BRDA:74,29,0,0
BRDA:79,30,0,2
BRDA:92,31,0,2
BRF:32
BRH:31
end_of_record
